# JRE version: Java(TM) SE Runtime Environment (9.0+11) (build 9.0.4+11)
# Java VM: Java HotSpot(TM) 64-Bit Server VM (9.0.4+11, mixed mode, tiered, compressed oops, g1 gc, windows-amd64)
Heap:
 garbage-first heap   total 171008K, used 88758K [0x0000000700000000, 0x0000000700100538, 0x00000007c0000000)
  region size 1024K, 23 young (23552K), 1 survivors (1024K)
 Metaspace       used 82502K, capacity 88395K, committed 88524K, reserved 1126400K
  class space    used 11168K, capacity 12206K, committed 12236K, reserved 1048576K
GC Heap History (10 events):
Event: 640.753 GC heap before
{Heap before GC invocations=127 (full 22):
 garbage-first heap   total 171008K, used 127026K [0x0000000700000000, 0x0000000700100538, 0x00000007c0000000)
  region size 1024K, 60 young (61440K), 1 survivors (1024K)
 Metaspace       used 82469K, capacity 88331K, committed 88524K, reserved 1126400K
  class space    used 11168K, capacity 12206K, committed 12236K, reserved 1048576K
}
Event: 640.758 GC heap after
{Heap after GC invocations=128 (full 22):
 garbage-first heap   total 171008K, used 66797K [0x0000000700000000, 0x0000000700100538, 0x00000007c0000000)
  region size 1024K, 1 young (1024K), 1 survivors (1024K)
 Metaspace       used 82469K, capacity 88331K, committed 88524K, reserved 1126400K
  class space    used 11168K, capacity 12206K, committed 12236K, reserved 1048576K
}
Event: 642.719 GC heap before
{Heap before GC invocations=128 (full 22):
 garbage-first heap   total 171008K, used 127213K [0x0000000700000000, 0x0000000700100538, 0x00000007c0000000)
  region size 1024K, 60 young (61440K), 1 survivors (1024K)
 Metaspace       used 82476K, capacity 88331K, committed 88524K, reserved 1126400K
  class space    used 11168K, capacity 12206K, committed 12236K, reserved 1048576K
}
Event: 642.726 GC heap after
{Heap after GC invocations=129 (full 22):
 garbage-first heap   total 171008K, used 67133K [0x0000000700000000, 0x0000000700100538, 0x00000007c0000000)
  region size 1024K, 1 young (1024K), 1 survivors (1024K)
 Metaspace       used 82476K, capacity 88331K, committed 88524K, reserved 1126400K
  class space    used 11168K, capacity 12206K, committed 12236K, reserved 1048576K
}
Event: 643.005 GC heap before
{Heap before GC invocations=129 (full 22):
 garbage-first heap   total 171008K, used 127549K [0x0000000700000000, 0x0000000700100538, 0x00000007c0000000)
  region size 1024K, 60 young (61440K), 1 survivors (1024K)
 Metaspace       used 82478K, capacity 88331K, committed 88524K, reserved 1126400K
  class space    used 11168K, capacity 12206K, committed 12236K, reserved 1048576K
}
Event: 643.011 GC heap after
{Heap after GC invocations=130 (full 22):
 garbage-first heap   total 171008K, used 66957K [0x0000000700000000, 0x0000000700100538, 0x00000007c0000000)
  region size 1024K, 1 young (1024K), 1 survivors (1024K)
 Metaspace       used 82478K, capacity 88331K, committed 88524K, reserved 1126400K
  class space    used 11168K, capacity 12206K, committed 12236K, reserved 1048576K
}
Event: 644.479 GC heap before
{Heap before GC invocations=130 (full 22):
 garbage-first heap   total 171008K, used 127373K [0x0000000700000000, 0x0000000700100538, 0x00000007c0000000)
  region size 1024K, 60 young (61440K), 1 survivors (1024K)
 Metaspace       used 82485K, capacity 88395K, committed 88524K, reserved 1126400K
  class space    used 11168K, capacity 12206K, committed 12236K, reserved 1048576K
}
Event: 644.485 GC heap after
{Heap after GC invocations=131 (full 22):
 garbage-first heap   total 171008K, used 67051K [0x0000000700000000, 0x0000000700100538, 0x00000007c0000000)
  region size 1024K, 1 young (1024K), 1 survivors (1024K)
 Metaspace       used 82485K, capacity 88395K, committed 88524K, reserved 1126400K
  class space    used 11168K, capacity 12206K, committed 12236K, reserved 1048576K
}
Event: 647.732 GC heap before
{Heap before GC invocations=131 (full 22):
 garbage-first heap   total 171008K, used 127467K [0x0000000700000000, 0x0000000700100538, 0x00000007c0000000)
  region size 1024K, 60 young (61440K), 1 survivors (1024K)
 Metaspace       used 82493K, capacity 88395K, committed 88524K, reserved 1126400K
  class space    used 11168K, capacity 12206K, committed 12236K, reserved 1048576K
}
Event: 647.742 GC heap after
{Heap after GC invocations=132 (full 22):
 garbage-first heap   total 171008K, used 67254K [0x0000000700000000, 0x0000000700100538, 0x00000007c0000000)
  region size 1024K, 1 young (1024K), 1 survivors (1024K)
 Metaspace       used 82493K, capacity 88395K, committed 88524K, reserved 1126400K
  class space    used 11168K, capacity 12206K, committed 12236K, reserved 1048576K
}

